[debug] [2023-09-19T07:04:38.244Z] ----------------------------------------------------------------------
[debug] [2023-09-19T07:04:38.244Z] Command:       /usr/local/bin/node /usr/local/bin/firebase deploy
[debug] [2023-09-19T07:04:38.245Z] CLI Version:   11.29.1
[debug] [2023-09-19T07:04:38.245Z] Platform:      darwin
[debug] [2023-09-19T07:04:38.245Z] Node Version:  v18.16.0
[debug] [2023-09-19T07:04:38.246Z] Time:          Tue Sep 19 2023 16:04:38 GMT+0900 (대한민국 표준시)
[debug] [2023-09-19T07:04:38.246Z] ----------------------------------------------------------------------
[debug] 
[debug] [2023-09-19T07:04:38.247Z] >>> [apiv2][query] GET https://firebase-public.firebaseio.com/cli.json [none]
[debug] [2023-09-19T07:04:38.305Z] > command requires scopes: ["email","openid","https://www.googleapis.com/auth/cloudplatformprojects.readonly","https://www.googleapis.com/auth/firebase","https://www.googleapis.com/auth/cloud-platform"]
[debug] [2023-09-19T07:04:38.305Z] > authorizing via signed-in user (a01099351820@gmail.com)
[debug] [2023-09-19T07:04:38.305Z] [iam] checking project run-canvas for permissions ["datastore.indexes.create","datastore.indexes.delete","datastore.indexes.list","datastore.indexes.update","firebase.projects.get","firebasehosting.sites.update"]
[debug] [2023-09-19T07:04:38.306Z] > refreshing access token with scopes: []
[debug] [2023-09-19T07:04:38.306Z] >>> [apiv2][query] POST https://www.googleapis.com/oauth2/v3/token [none]
[debug] [2023-09-19T07:04:38.306Z] >>> [apiv2][body] POST https://www.googleapis.com/oauth2/v3/token [omitted]
[debug] [2023-09-19T07:04:38.541Z] <<< [apiv2][status] POST https://www.googleapis.com/oauth2/v3/token 200
[debug] [2023-09-19T07:04:38.541Z] <<< [apiv2][body] POST https://www.googleapis.com/oauth2/v3/token [omitted]
[debug] [2023-09-19T07:04:38.554Z] >>> [apiv2][query] POST https://cloudresourcemanager.googleapis.com/v1/projects/run-canvas:testIamPermissions [none]
[debug] [2023-09-19T07:04:38.554Z] >>> [apiv2][(partial)header] POST https://cloudresourcemanager.googleapis.com/v1/projects/run-canvas:testIamPermissions x-goog-quota-user=projects/run-canvas
[debug] [2023-09-19T07:04:38.554Z] >>> [apiv2][body] POST https://cloudresourcemanager.googleapis.com/v1/projects/run-canvas:testIamPermissions {"permissions":["datastore.indexes.create","datastore.indexes.delete","datastore.indexes.list","datastore.indexes.update","firebase.projects.get","firebasehosting.sites.update"]}
[debug] [2023-09-19T07:04:38.691Z] <<< [apiv2][status] GET https://firebase-public.firebaseio.com/cli.json 200
[debug] [2023-09-19T07:04:38.691Z] <<< [apiv2][body] GET https://firebase-public.firebaseio.com/cli.json {"cloudBuildErrorAfter":1594252800000,"cloudBuildWarnAfter":1590019200000,"defaultNode10After":1594252800000,"minVersion":"3.0.5","node8DeploysDisabledAfter":1613390400000,"node8RuntimeDisabledAfter":1615809600000,"node8WarnAfter":1600128000000}
[debug] [2023-09-19T07:04:39.392Z] <<< [apiv2][status] POST https://cloudresourcemanager.googleapis.com/v1/projects/run-canvas:testIamPermissions 200
[debug] [2023-09-19T07:04:39.393Z] <<< [apiv2][body] POST https://cloudresourcemanager.googleapis.com/v1/projects/run-canvas:testIamPermissions {"permissions":["datastore.indexes.create","datastore.indexes.delete","datastore.indexes.list","datastore.indexes.update","firebase.projects.get","firebasehosting.sites.update"]}
[debug] [2023-09-19T07:04:39.394Z] >>> [apiv2][query] GET https://firebase.googleapis.com/v1beta1/projects/run-canvas [none]
[debug] [2023-09-19T07:04:39.814Z] <<< [apiv2][status] GET https://firebase.googleapis.com/v1beta1/projects/run-canvas 200
[debug] [2023-09-19T07:04:39.814Z] <<< [apiv2][body] GET https://firebase.googleapis.com/v1beta1/projects/run-canvas {"projectId":"run-canvas","projectNumber":"80448118019","displayName":"runcanvas","name":"projects/run-canvas","resources":{"hostingSite":"run-canvas"},"state":"ACTIVE","etag":"1_0641121c-ebfd-4907-ba8d-a9753b6b6035"}
[info] 
[info] === Deploying to 'run-canvas'...
[info] 
[info] i  deploying firestore, hosting 
[info] i  firestore: reading indexes from firestore.indexes.json... 
[info] i  cloud.firestore: checking firestore.rules for compilation errors... 
[debug] [2023-09-19T07:04:39.819Z] >>> [apiv2][query] POST https://firebaserules.googleapis.com/v1/projects/run-canvas:test [none]
[debug] [2023-09-19T07:04:39.819Z] >>> [apiv2][body] POST https://firebaserules.googleapis.com/v1/projects/run-canvas:test [omitted]
[debug] [2023-09-19T07:04:41.190Z] <<< [apiv2][status] POST https://firebaserules.googleapis.com/v1/projects/run-canvas:test 200
[debug] [2023-09-19T07:04:41.190Z] <<< [apiv2][body] POST https://firebaserules.googleapis.com/v1/projects/run-canvas:test {}
[info] ✔  cloud.firestore: rules file firestore.rules compiled successfully 
[debug] [2023-09-19T07:04:41.194Z] >>> [apiv2][query] POST https://firebasehosting.googleapis.com/v1beta1/projects/-/sites/run-canvas/versions [none]
[debug] [2023-09-19T07:04:41.194Z] >>> [apiv2][body] POST https://firebasehosting.googleapis.com/v1beta1/projects/-/sites/run-canvas/versions {"status":"CREATED","labels":{"deployment-tool":"cli-firebase"}}
